<?xml version="1.0" encoding="UTF-8"?>
<testng-results ignored="0" total="1" passed="1" failed="0" skipped="0">
  <reporter-output>
  </reporter-output>
  <suite started-at="2022-06-02T21:21:17 GMT-07:00" name="HybridFramework" finished-at="2022-06-02T21:21:30 GMT-07:00" duration-ms="12965">
    <groups>
    </groups>
    <test started-at="2022-06-02T21:21:17 GMT-07:00" name="HomePage Test" finished-at="2022-06-02T21:21:30 GMT-07:00" duration-ms="12965">
      <class name="com.mindtree.TestCases.TC_SelectMattresses">
        <test-method is-config="true" signature="setup(java.lang.String)[pri:0, instance:com.mindtree.TestCases.TC_SelectMattresses@957e06]" started-at="2022-06-02T21:21:18 GMT-07:00" name="setup" finished-at="2022-06-02T21:21:22 GMT-07:00" duration-ms="4577" status="PASS">
          <params>
            <param index="0">
              <value>
                <![CDATA[chrome]]>
              </value>
            </param>
          </params>
          <reporter-output>
          </reporter-output>
        </test-method> <!-- setup -->
        <test-method signature="selectmattresses()[pri:0, instance:com.mindtree.TestCases.TC_SelectMattresses@957e06]" started-at="2022-06-02T21:21:22 GMT-07:00" name="selectmattresses" finished-at="2022-06-02T21:21:30 GMT-07:00" duration-ms="7573" status="PASS">
          <reporter-output>
          </reporter-output>
        </test-method> <!-- selectmattresses -->
        <test-method is-config="true" signature="tearDown()[pri:0, instance:com.mindtree.TestCases.TC_SelectMattresses@957e06]" started-at="2022-06-02T21:21:30 GMT-07:00" name="tearDown" finished-at="2022-06-02T21:21:30 GMT-07:00" duration-ms="428" status="PASS">
          <reporter-output>
          </reporter-output>
        </test-method> <!-- tearDown -->
      </class> <!-- com.mindtree.TestCases.TC_SelectMattresses -->
    </test> <!-- HomePage Test -->
  </suite> <!-- HybridFramework -->
</testng-results>
